Traceback (most recent call last):
  File "/Users/d/Dropbox (Personal)/1f.Î·Ì”ÎµÌ“ÌÏÎ¹Ï‚,Îº/1.ontology/myenv/lib/python3.11/site-packages/jupyter_cache/executors/utils.py", line 58, in single_nb_execution
    executenb(
  File "/Users/d/Dropbox (Personal)/1f.Î·Ì”ÎµÌ“ÌÏÎ¹Ï‚,Îº/1.ontology/myenv/lib/python3.11/site-packages/nbclient/client.py", line 1305, in execute
    return NotebookClient(nb=nb, resources=resources, km=km, **kwargs).execute()
           ^^^^^^^^^^^^^^^^^^^^^^^^^^^^^^^^^^^^^^^^^^^^^^^^^^^^^^^^^^^^^^^^^^^^^
  File "/Users/d/Dropbox (Personal)/1f.Î·Ì”ÎµÌ“ÌÏÎ¹Ï‚,Îº/1.ontology/myenv/lib/python3.11/site-packages/jupyter_core/utils/__init__.py", line 166, in wrapped
    return loop.run_until_complete(inner)
           ^^^^^^^^^^^^^^^^^^^^^^^^^^^^^^
  File "/Library/Frameworks/Python.framework/Versions/3.11/lib/python3.11/asyncio/base_events.py", line 653, in run_until_complete
    return future.result()
           ^^^^^^^^^^^^^^^
  File "/Users/d/Dropbox (Personal)/1f.Î·Ì”ÎµÌ“ÌÏÎ¹Ï‚,Îº/1.ontology/myenv/lib/python3.11/site-packages/nbclient/client.py", line 705, in async_execute
    await self.async_execute_cell(
  File "/Users/d/Dropbox (Personal)/1f.Î·Ì”ÎµÌ“ÌÏÎ¹Ï‚,Îº/1.ontology/myenv/lib/python3.11/site-packages/nbclient/client.py", line 1058, in async_execute_cell
    await self._check_raise_for_error(cell, cell_index, exec_reply)
  File "/Users/d/Dropbox (Personal)/1f.Î·Ì”ÎµÌ“ÌÏÎ¹Ï‚,Îº/1.ontology/myenv/lib/python3.11/site-packages/nbclient/client.py", line 914, in _check_raise_for_error
    raise CellExecutionError.from_cell_and_msg(cell, exec_reply_content)
nbclient.exceptions.CellExecutionError: An error occurred while executing the following cell:
------------------
import networkx as nx
import matplotlib.pyplot as plt

# Set seed for layout
seed = 4

# Directory structure
structure = {


    "Challenges": ["Rigor", "Sloppiness", "Error",],
    "Knowledge": ["Skills", "Challenges", "Morality", "Truth",],
    "Skills": ["Numeracy", "Literacy","Workflow",],
}

# Gentle colors for children
child_colors = ["lightgreen", "lightpink", "lightyellow",
    'lavender', 'lightcoral', 'honeydew', 'azure','lightblue', 
]

child_colors = ["lightgreen", "lightpink", "lightyellow",
    'lavender', 'lightcoral', 'honeydew', 'azure','lightblue', 
]

# 'lightsteelblue', 'lightgray', 'mintcream','mintcream', 'azure', 'linen', 'aliceblue', 'lemonchiffon', 'mistyrose'

# List of nodes to color light blue
light_blue_nodes = [ "Numeracy", "Challenges"]

G = nx.Graph()
node_colors = {}


# Function to capitalize the first letter of each word
def capitalize_name(name):
    return ' '.join(word.capitalize() for word in name.split(" "))

# Assign colors to nodes
for i, (parent, children) in enumerate(structure.items()):
    parent_name = capitalize_name(parent.replace("_", " "))
    G.add_node(parent_name)
    
    # Set the color for Skills
    if parent_name == "Knowledge":
        node_colors[parent_name] = 'lightgray'
    else:
        node_colors[parent_name] = child_colors[i % len(child_colors)]
        
    for child in children:
        child_name = capitalize_name(child.replace("_", " "))
        G.add_edge(parent_name, child_name)
        if child_name in light_blue_nodes:
            node_colors[child_name] = 'lightblue'
        else:
            node_colors[child_name] = child_colors[(i + 5) % len(child_colors)]  # You can customize the logic here to assign colors


colors = [node_colors[node] for node in G.nodes()]

# Set figure size
plt.figure(figsize=(30, 30))

# Draw the graph
pos = nx.spring_layout(G, scale=30, seed=seed)
nx.draw_networkx_nodes(G, pos, node_size=70000, node_color=colors, edgecolors='black')  # Boundary color set here
nx.draw_networkx_edges(G, pos)
nx.draw_networkx_labels(G, pos, font_size=40)
plt.show()
------------------


[0;31m---------------------------------------------------------------------------[0m
[0;31mModuleNotFoundError[0m                       Traceback (most recent call last)
Cell [0;32mIn[1], line 1[0m
[0;32m----> 1[0m [38;5;28;01mimport[39;00m [38;5;21;01mnetworkx[39;00m [38;5;28;01mas[39;00m [38;5;21;01mnx[39;00m
[1;32m      2[0m [38;5;28;01mimport[39;00m [38;5;21;01mmatplotlib[39;00m[38;5;21;01m.[39;00m[38;5;21;01mpyplot[39;00m [38;5;28;01mas[39;00m [38;5;21;01mplt[39;00m
[1;32m      4[0m [38;5;66;03m# Set seed for layout[39;00m

[0;31mModuleNotFoundError[0m: No module named 'networkx'

