Traceback (most recent call last):
  File "/Users/d/Dropbox (Personal)/1f.Î·Ì”ÎµÌ“ÌÏÎ¹Ï‚,Îº/1.ontology/myenv/lib/python3.11/site-packages/jupyter_cache/executors/utils.py", line 58, in single_nb_execution
    executenb(
  File "/Users/d/Dropbox (Personal)/1f.Î·Ì”ÎµÌ“ÌÏÎ¹Ï‚,Îº/1.ontology/myenv/lib/python3.11/site-packages/nbclient/client.py", line 1305, in execute
    return NotebookClient(nb=nb, resources=resources, km=km, **kwargs).execute()
           ^^^^^^^^^^^^^^^^^^^^^^^^^^^^^^^^^^^^^^^^^^^^^^^^^^^^^^^^^^^^^^^^^^^^^
  File "/Users/d/Dropbox (Personal)/1f.Î·Ì”ÎµÌ“ÌÏÎ¹Ï‚,Îº/1.ontology/myenv/lib/python3.11/site-packages/jupyter_core/utils/__init__.py", line 166, in wrapped
    return loop.run_until_complete(inner)
           ^^^^^^^^^^^^^^^^^^^^^^^^^^^^^^
  File "/Library/Frameworks/Python.framework/Versions/3.11/lib/python3.11/asyncio/base_events.py", line 653, in run_until_complete
    return future.result()
           ^^^^^^^^^^^^^^^
  File "/Users/d/Dropbox (Personal)/1f.Î·Ì”ÎµÌ“ÌÏÎ¹Ï‚,Îº/1.ontology/myenv/lib/python3.11/site-packages/nbclient/client.py", line 705, in async_execute
    await self.async_execute_cell(
  File "/Users/d/Dropbox (Personal)/1f.Î·Ì”ÎµÌ“ÌÏÎ¹Ï‚,Îº/1.ontology/myenv/lib/python3.11/site-packages/nbclient/client.py", line 1058, in async_execute_cell
    await self._check_raise_for_error(cell, cell_index, exec_reply)
  File "/Users/d/Dropbox (Personal)/1f.Î·Ì”ÎµÌ“ÌÏÎ¹Ï‚,Îº/1.ontology/myenv/lib/python3.11/site-packages/nbclient/client.py", line 914, in _check_raise_for_error
    raise CellExecutionError.from_cell_and_msg(cell, exec_reply_content)
nbclient.exceptions.CellExecutionError: An error occurred while executing the following cell:
------------------
# method 1
# !pip install stata_setup
import stata_setup
stata_setup.config("/Applications/stata/", "se", splash=False)
------------------


[0;31m---------------------------------------------------------------------------[0m
[0;31mModuleNotFoundError[0m                       Traceback (most recent call last)
Cell [0;32mIn[2], line 3[0m
[1;32m      1[0m [38;5;66;03m# method 1[39;00m
[1;32m      2[0m [38;5;66;03m# !pip install stata_setup[39;00m
[0;32m----> 3[0m [38;5;28;01mimport[39;00m [38;5;21;01mstata_setup[39;00m
[1;32m      4[0m stata_setup[38;5;241m.[39mconfig([38;5;124m"[39m[38;5;124m/Applications/stata/[39m[38;5;124m"[39m, [38;5;124m"[39m[38;5;124mse[39m[38;5;124m"[39m, splash[38;5;241m=[39m[38;5;28;01mFalse[39;00m)

[0;31mModuleNotFoundError[0m: No module named 'stata_setup'

